0 info it worked if it ends with ok
1 verbose cli [ 'C:\\Users\\melanie\\AppData\\Local\\.meteor\\packages\\meteor-tool\\1.4.2_3\\mt-os.windows.x86_32\\dev_bundle\\bin\\node.exe',
1 verbose cli   'C:\\Users\\melanie\\AppData\\Local\\.meteor\\packages\\meteor-tool\\1.4.2_3\\mt-os.windows.x86_32\\dev_bundle\\lib\\node_modules\\npm\\bin\\npm-cli.js',
1 verbose cli   'install',
1 verbose cli   '--save',
1 verbose cli   'braintree' ]
2 info using npm@3.10.9
3 info using node@v4.6.2
4 silly loadCurrentTree Starting
5 silly install loadCurrentTree
6 silly install readLocalPackageData
7 silly fetchPackageMetaData braintree@^2.1.1
8 silly fetchNamedPackageData braintree
9 silly mapToRegistry name braintree
10 silly mapToRegistry using default registry
11 silly mapToRegistry registry https://registry.npmjs.org/
12 silly mapToRegistry data Result {
12 silly mapToRegistry   raw: 'braintree',
12 silly mapToRegistry   scope: null,
12 silly mapToRegistry   escapedName: 'braintree',
12 silly mapToRegistry   name: 'braintree',
12 silly mapToRegistry   rawSpec: '',
12 silly mapToRegistry   spec: 'latest',
12 silly mapToRegistry   type: 'tag' }
13 silly mapToRegistry uri https://registry.npmjs.org/braintree
14 verbose request uri https://registry.npmjs.org/braintree
15 verbose request no auth needed
16 info attempt registry request try #1 at 7:34:57 PM
17 verbose request id 387df6dd5c05b05e
18 http request GET https://registry.npmjs.org/braintree
19 http 200 https://registry.npmjs.org/braintree
20 verbose headers { server: 'nginx/1.10.1',
20 verbose headers   'content-type': 'application/json',
20 verbose headers   'last-modified': 'Wed, 28 Jun 2017 04:17:21 GMT',
20 verbose headers   etag: 'W/"59532dd1-199fe"',
20 verbose headers   'content-encoding': 'gzip',
20 verbose headers   'cache-control': 'max-age=300',
20 verbose headers   'content-length': '9588',
20 verbose headers   'accept-ranges': 'bytes',
20 verbose headers   date: 'Thu, 29 Jun 2017 23:35:00 GMT',
20 verbose headers   via: '1.1 varnish',
20 verbose headers   age: '0',
20 verbose headers   connection: 'keep-alive',
20 verbose headers   'x-served-by': 'cache-bos8226-BOS',
20 verbose headers   'x-cache': 'MISS',
20 verbose headers   'x-cache-hits': '0',
20 verbose headers   'x-timer': 'S1498779300.106733,VS0,VE321',
20 verbose headers   vary: 'Accept-Encoding' }
21 silly get cb [ 200,
21 silly get   { server: 'nginx/1.10.1',
21 silly get     'content-type': 'application/json',
21 silly get     'last-modified': 'Wed, 28 Jun 2017 04:17:21 GMT',
21 silly get     etag: 'W/"59532dd1-199fe"',
21 silly get     'content-encoding': 'gzip',
21 silly get     'cache-control': 'max-age=300',
21 silly get     'content-length': '9588',
21 silly get     'accept-ranges': 'bytes',
21 silly get     date: 'Thu, 29 Jun 2017 23:35:00 GMT',
21 silly get     via: '1.1 varnish',
21 silly get     age: '0',
21 silly get     connection: 'keep-alive',
21 silly get     'x-served-by': 'cache-bos8226-BOS',
21 silly get     'x-cache': 'MISS',
21 silly get     'x-cache-hits': '0',
21 silly get     'x-timer': 'S1498779300.106733,VS0,VE321',
21 silly get     vary: 'Accept-Encoding' } ]
22 verbose get saving braintree to C:\Users\melanie\AppData\Local\.meteor\packages\meteor-tool\1.4.2_3\mt-os.windows.x86_32\dev_bundle\.npm\registry.npmjs.org\braintree\.cache.json
23 verbose correctMkdir C:\Users\melanie\AppData\Local\.meteor\packages\meteor-tool\1.4.2_3\mt-os.windows.x86_32\dev_bundle\.npm correctMkdir not in flight; initializing
24 silly install normalizeTree
25 silly loadCurrentTree Finishing
26 silly loadIdealTree Starting
27 silly install loadIdealTree
28 silly cloneCurrentTree Starting
29 silly install cloneCurrentTreeToIdealTree
30 silly cloneCurrentTree Finishing
31 silly loadShrinkwrap Starting
32 silly install loadShrinkwrap
33 silly loadShrinkwrap Finishing
34 silly loadAllDepsIntoIdealTree Starting
35 silly install loadAllDepsIntoIdealTree
36 silly resolveWithNewModule braintree@2.1.1 checking installable status
37 silly cache add args [ 'braintree@^2.1.1', null ]
38 verbose cache add spec braintree@^2.1.1
39 silly cache add parsed spec Result {
39 silly cache add   raw: 'braintree@^2.1.1',
39 silly cache add   scope: null,
39 silly cache add   escapedName: 'braintree',
39 silly cache add   name: 'braintree',
39 silly cache add   rawSpec: '^2.1.1',
39 silly cache add   spec: '>=2.1.1 <3.0.0',
39 silly cache add   type: 'range' }
40 silly addNamed braintree@>=2.1.1 <3.0.0
41 verbose addNamed ">=2.1.1 <3.0.0" is a valid semver range for braintree
42 silly addNameRange { name: 'braintree', range: '>=2.1.1 <3.0.0', hasData: false }
43 silly mapToRegistry name braintree
44 silly mapToRegistry using default registry
45 silly mapToRegistry registry https://registry.npmjs.org/
46 silly mapToRegistry data Result {
46 silly mapToRegistry   raw: 'braintree',
46 silly mapToRegistry   scope: null,
46 silly mapToRegistry   escapedName: 'braintree',
46 silly mapToRegistry   name: 'braintree',
46 silly mapToRegistry   rawSpec: '',
46 silly mapToRegistry   spec: 'latest',
46 silly mapToRegistry   type: 'tag' }
47 silly mapToRegistry uri https://registry.npmjs.org/braintree
48 verbose addNameRange registry:https://registry.npmjs.org/braintree not in flight; fetching
49 verbose get https://registry.npmjs.org/braintree not expired, no request
50 silly addNameRange number 2 { name: 'braintree', range: '>=2.1.1 <3.0.0', hasData: true }
51 silly addNameRange versions [ 'braintree',
51 silly addNameRange   [ '0.1.1',
51 silly addNameRange     '0.2.0',
51 silly addNameRange     '0.3.0',
51 silly addNameRange     '0.4.0',
51 silly addNameRange     '0.4.1',
51 silly addNameRange     '0.5.0',
51 silly addNameRange     '0.5.1',
51 silly addNameRange     '1.0.0',
51 silly addNameRange     '1.1.0',
51 silly addNameRange     '1.1.1',
51 silly addNameRange     '1.1.2',
51 silly addNameRange     '1.2.0',
51 silly addNameRange     '1.3.0',
51 silly addNameRange     '1.4.0',
51 silly addNameRange     '1.5.1',
51 silly addNameRange     '1.6.0',
51 silly addNameRange     '1.7.0',
51 silly addNameRange     '1.8.0',
51 silly addNameRange     '1.9.0',
51 silly addNameRange     '1.9.1',
51 silly addNameRange     '1.9.2',
51 silly addNameRange     '1.10.0',
51 silly addNameRange     '1.11.0',
51 silly addNameRange     '1.11.1',
51 silly addNameRange     '1.11.2',
51 silly addNameRange     '1.12.0',
51 silly addNameRange     '1.13.0',
51 silly addNameRange     '1.13.1',
51 silly addNameRange     '1.14.0',
51 silly addNameRange     '1.14.1',
51 silly addNameRange     '1.15.0',
51 silly addNameRange     '1.16.0',
51 silly addNameRange     '1.17.0',
51 silly addNameRange     '1.18.0',
51 silly addNameRange     '1.18.1',
51 silly addNameRange     '1.19.0',
51 silly addNameRange     '1.20.0',
51 silly addNameRange     '1.21.0',
51 silly addNameRange     '1.22.0',
51 silly addNameRange     '1.23.0',
51 silly addNameRange     '1.24.0',
51 silly addNameRange     '1.25.0',
51 silly addNameRange     '1.26.0',
51 silly addNameRange     '1.27.0',
51 silly addNameRange     '1.28.0',
51 silly addNameRange     '1.29.0',
51 silly addNameRange     '1.30.0',
51 silly addNameRange     '1.31.0',
51 silly addNameRange     '1.32.0',
51 silly addNameRange     '1.34.0',
51 silly addNameRange     '1.35.0',
51 silly addNameRange     '1.35.1',
51 silly addNameRange     '1.36.0',
51 silly addNameRange     '1.37.0',
51 silly addNameRange     '1.37.1',
51 silly addNameRange     '1.38.0',
51 silly addNameRange     '1.39.0',
51 silly addNameRange     '1.40.0',
51 silly addNameRange     '1.41.0',
51 silly addNameRange     '1.42.0',
51 silly addNameRange     '1.43.0',
51 silly addNameRange     '1.44.0',
51 silly addNameRange     '1.45.0',
51 silly addNameRange     '1.46.0',
51 silly addNameRange     '1.47.0',
51 silly addNameRange     '2.0.0',
51 silly addNameRange     '2.0.1',
51 silly addNameRange     '1.47.1',
51 silly addNameRange     '2.0.2',
51 silly addNameRange     '2.1.0',
51 silly addNameRange     '2.1.1' ] ]
52 silly addNamed braintree@2.1.1
53 verbose addNamed "2.1.1" is a plain semver version for braintree
54 silly mapToRegistry name braintree
55 silly mapToRegistry using default registry
56 silly mapToRegistry registry https://registry.npmjs.org/
57 silly mapToRegistry data Result {
57 silly mapToRegistry   raw: 'braintree',
57 silly mapToRegistry   scope: null,
57 silly mapToRegistry   escapedName: 'braintree',
57 silly mapToRegistry   name: 'braintree',
57 silly mapToRegistry   rawSpec: '',
57 silly mapToRegistry   spec: 'latest',
57 silly mapToRegistry   type: 'tag' }
58 silly mapToRegistry uri https://registry.npmjs.org/braintree
59 verbose addRemoteTarball https://registry.npmjs.org/braintree/-/braintree-2.1.1.tgz not in flight; adding
60 verbose addRemoteTarball [ 'https://registry.npmjs.org/braintree/-/braintree-2.1.1.tgz',
60 verbose addRemoteTarball   'c8ecfad3914f1c42ed66e614455fe72f19d60b89' ]
61 info retry fetch attempt 1 at 7:34:59 PM
62 info attempt registry request try #1 at 7:34:59 PM
63 http fetch GET https://registry.npmjs.org/braintree/-/braintree-2.1.1.tgz
64 http fetch 200 https://registry.npmjs.org/braintree/-/braintree-2.1.1.tgz
65 silly fetchAndShaCheck shasum c8ecfad3914f1c42ed66e614455fe72f19d60b89
66 verbose addTmpTarball C:\Users\melanie\AppData\Local\Temp\npm-10564-e24b8531\registry.npmjs.org\braintree\-\braintree-2.1.1.tgz not in flight; adding
67 verbose addTmpTarball already have metadata; skipping unpack for braintree@2.1.1
68 verbose correctMkdir C:\Users\melanie\AppData\Local\.meteor\packages\meteor-tool\1.4.2_3\mt-os.windows.x86_32\dev_bundle\.npm correctMkdir not in flight; initializing
69 silly cache afterAdd braintree@2.1.1
70 verbose afterAdd C:\Users\melanie\AppData\Local\.meteor\packages\meteor-tool\1.4.2_3\mt-os.windows.x86_32\dev_bundle\.npm\braintree\2.1.1\package\package.json not in flight; writing
71 verbose correctMkdir C:\Users\melanie\AppData\Local\.meteor\packages\meteor-tool\1.4.2_3\mt-os.windows.x86_32\dev_bundle\.npm correctMkdir not in flight; initializing
72 verbose afterAdd C:\Users\melanie\AppData\Local\.meteor\packages\meteor-tool\1.4.2_3\mt-os.windows.x86_32\dev_bundle\.npm\braintree\2.1.1\package\package.json written
73 silly fetchNamedPackageData dateformat
74 silly mapToRegistry name dateformat
75 silly mapToRegistry using default registry
76 silly mapToRegistry registry https://registry.npmjs.org/
77 silly mapToRegistry data Result {
77 silly mapToRegistry   raw: 'dateformat',
77 silly mapToRegistry   scope: null,
77 silly mapToRegistry   escapedName: 'dateformat',
77 silly mapToRegistry   name: 'dateformat',
77 silly mapToRegistry   rawSpec: '',
77 silly mapToRegistry   spec: 'latest',
77 silly mapToRegistry   type: 'tag' }
78 silly mapToRegistry uri https://registry.npmjs.org/dateformat
79 silly fetchNamedPackageData depd
80 silly mapToRegistry name depd
81 silly mapToRegistry using default registry
82 silly mapToRegistry registry https://registry.npmjs.org/
83 silly mapToRegistry data Result {
83 silly mapToRegistry   raw: 'depd',
83 silly mapToRegistry   scope: null,
83 silly mapToRegistry   escapedName: 'depd',
83 silly mapToRegistry   name: 'depd',
83 silly mapToRegistry   rawSpec: '',
83 silly mapToRegistry   spec: 'latest',
83 silly mapToRegistry   type: 'tag' }
84 silly mapToRegistry uri https://registry.npmjs.org/depd
85 silly fetchNamedPackageData readable-stream
86 silly mapToRegistry name readable-stream
87 silly mapToRegistry using default registry
88 silly mapToRegistry registry https://registry.npmjs.org/
89 silly mapToRegistry data Result {
89 silly mapToRegistry   raw: 'readable-stream',
89 silly mapToRegistry   scope: null,
89 silly mapToRegistry   escapedName: 'readable-stream',
89 silly mapToRegistry   name: 'readable-stream',
89 silly mapToRegistry   rawSpec: '',
89 silly mapToRegistry   spec: 'latest',
89 silly mapToRegistry   type: 'tag' }
90 silly mapToRegistry uri https://registry.npmjs.org/readable-stream
91 silly fetchNamedPackageData semver
92 silly mapToRegistry name semver
93 silly mapToRegistry using default registry
94 silly mapToRegistry registry https://registry.npmjs.org/
95 silly mapToRegistry data Result {
95 silly mapToRegistry   raw: 'semver',
95 silly mapToRegistry   scope: null,
95 silly mapToRegistry   escapedName: 'semver',
95 silly mapToRegistry   name: 'semver',
95 silly mapToRegistry   rawSpec: '',
95 silly mapToRegistry   spec: 'latest',
95 silly mapToRegistry   type: 'tag' }
96 silly mapToRegistry uri https://registry.npmjs.org/semver
97 silly fetchNamedPackageData underscore
98 silly mapToRegistry name underscore
99 silly mapToRegistry using default registry
100 silly mapToRegistry registry https://registry.npmjs.org/
101 silly mapToRegistry data Result {
101 silly mapToRegistry   raw: 'underscore',
101 silly mapToRegistry   scope: null,
101 silly mapToRegistry   escapedName: 'underscore',
101 silly mapToRegistry   name: 'underscore',
101 silly mapToRegistry   rawSpec: '',
101 silly mapToRegistry   spec: 'latest',
101 silly mapToRegistry   type: 'tag' }
102 silly mapToRegistry uri https://registry.npmjs.org/underscore
103 silly fetchNamedPackageData xml2js
104 silly mapToRegistry name xml2js
105 silly mapToRegistry using default registry
106 silly mapToRegistry registry https://registry.npmjs.org/
107 silly mapToRegistry data Result {
107 silly mapToRegistry   raw: 'xml2js',
107 silly mapToRegistry   scope: null,
107 silly mapToRegistry   escapedName: 'xml2js',
107 silly mapToRegistry   name: 'xml2js',
107 silly mapToRegistry   rawSpec: '',
107 silly mapToRegistry   spec: 'latest',
107 silly mapToRegistry   type: 'tag' }
108 silly mapToRegistry uri https://registry.npmjs.org/xml2js
109 silly fetchOtherPackageData wrap-promise@github:braintree/wrap-promise#1.1.0
110 silly cache add args [ 'wrap-promise@github:braintree/wrap-promise#1.1.0', null ]
111 verbose cache add spec wrap-promise@github:braintree/wrap-promise#1.1.0
112 verbose request uri https://registry.npmjs.org/dateformat
113 verbose request no auth needed
114 info attempt registry request try #1 at 7:34:59 PM
115 http request GET https://registry.npmjs.org/dateformat
116 verbose request uri https://registry.npmjs.org/depd
117 verbose request no auth needed
118 info attempt registry request try #1 at 7:34:59 PM
119 http request GET https://registry.npmjs.org/depd
120 verbose request uri https://registry.npmjs.org/readable-stream
121 verbose request no auth needed
122 info attempt registry request try #1 at 7:34:59 PM
123 http request GET https://registry.npmjs.org/readable-stream
124 verbose request uri https://registry.npmjs.org/semver
125 verbose request no auth needed
126 info attempt registry request try #1 at 7:34:59 PM
127 http request GET https://registry.npmjs.org/semver
128 verbose request uri https://registry.npmjs.org/underscore
129 verbose request no auth needed
130 info attempt registry request try #1 at 7:34:59 PM
131 http request GET https://registry.npmjs.org/underscore
132 verbose request uri https://registry.npmjs.org/xml2js
133 verbose request no auth needed
134 info attempt registry request try #1 at 7:34:59 PM
135 http request GET https://registry.npmjs.org/xml2js
136 silly cache add parsed spec Result {
136 silly cache add   raw: 'wrap-promise@github:braintree/wrap-promise#1.1.0',
136 silly cache add   scope: null,
136 silly cache add   escapedName: 'wrap-promise',
136 silly cache add   name: 'wrap-promise',
136 silly cache add   rawSpec: 'github:braintree/wrap-promise#1.1.0',
136 silly cache add   spec: 'github:braintree/wrap-promise#1.1.0',
136 silly cache add   type: 'hosted',
136 silly cache add   hosted:
136 silly cache add    { type: 'github',
136 silly cache add      ssh: 'git@github.com:braintree/wrap-promise.git#1.1.0',
136 silly cache add      sshUrl: 'git+ssh://git@github.com/braintree/wrap-promise.git#1.1.0',
136 silly cache add      httpsUrl: 'git+https://github.com/braintree/wrap-promise.git#1.1.0',
136 silly cache add      gitUrl: 'git://github.com/braintree/wrap-promise.git#1.1.0',
136 silly cache add      shortcut: 'github:braintree/wrap-promise#1.1.0',
136 silly cache add      directUrl: 'https://raw.githubusercontent.com/braintree/wrap-promise/1.1.0/package.json' } }
137 verbose addRemoteGit caching github:braintree/wrap-promise#1.1.0
138 verbose addRemoteGit braintree/wrap-promise#1.1.0 is a repository hosted by github
139 silly tryGitProto attempting to clone git://github.com/braintree/wrap-promise.git#1.1.0
140 silly tryClone cloning braintree/wrap-promise#1.1.0 via git://github.com/braintree/wrap-promise.git#1.1.0
141 verbose tryClone git-github-com-braintree-wrap-promise-git-1-1-0-657333ee not in flight; caching
142 verbose correctMkdir C:\Users\melanie\AppData\Local\.meteor\packages\meteor-tool\1.4.2_3\mt-os.windows.x86_32\dev_bundle\.npm\_git-remotes correctMkdir not in flight; initializing
143 verbose makeDirectory C:\Users\melanie\AppData\Local\.meteor\packages\meteor-tool\1.4.2_3\mt-os.windows.x86_32\dev_bundle\.npm\_git-remotes creation not in flight; initializing
144 verbose makeCacheDir UID & GID are irrelevant on win32
145 http 200 https://registry.npmjs.org/dateformat
146 verbose headers { server: 'nginx/1.10.1',
146 verbose headers   'content-type': 'application/json',
146 verbose headers   'last-modified': 'Sat, 17 Jun 2017 09:22:26 GMT',
146 verbose headers   etag: 'W/"5944f4d2-5df3"',
146 verbose headers   'content-encoding': 'gzip',
146 verbose headers   'cache-control': 'max-age=300',
146 verbose headers   'content-length': '4770',
146 verbose headers   'accept-ranges': 'bytes',
146 verbose headers   date: 'Thu, 29 Jun 2017 23:35:00 GMT',
146 verbose headers   via: '1.1 varnish',
146 verbose headers   age: '97',
146 verbose headers   connection: 'keep-alive',
146 verbose headers   'x-served-by': 'cache-bos8226-BOS',
146 verbose headers   'x-cache': 'HIT',
146 verbose headers   'x-cache-hits': '1',
146 verbose headers   'x-timer': 'S1498779301.987026,VS0,VE0',
146 verbose headers   vary: 'Accept-Encoding' }
147 silly get cb [ 200,
147 silly get   { server: 'nginx/1.10.1',
147 silly get     'content-type': 'application/json',
147 silly get     'last-modified': 'Sat, 17 Jun 2017 09:22:26 GMT',
147 silly get     etag: 'W/"5944f4d2-5df3"',
147 silly get     'content-encoding': 'gzip',
147 silly get     'cache-control': 'max-age=300',
147 silly get     'content-length': '4770',
147 silly get     'accept-ranges': 'bytes',
147 silly get     date: 'Thu, 29 Jun 2017 23:35:00 GMT',
147 silly get     via: '1.1 varnish',
147 silly get     age: '97',
147 silly get     connection: 'keep-alive',
147 silly get     'x-served-by': 'cache-bos8226-BOS',
147 silly get     'x-cache': 'HIT',
147 silly get     'x-cache-hits': '1',
147 silly get     'x-timer': 'S1498779301.987026,VS0,VE0',
147 silly get     vary: 'Accept-Encoding' } ]
148 verbose get saving dateformat to C:\Users\melanie\AppData\Local\.meteor\packages\meteor-tool\1.4.2_3\mt-os.windows.x86_32\dev_bundle\.npm\registry.npmjs.org\dateformat\.cache.json
149 verbose correctMkdir C:\Users\melanie\AppData\Local\.meteor\packages\meteor-tool\1.4.2_3\mt-os.windows.x86_32\dev_bundle\.npm correctMkdir not in flight; initializing
150 silly resolveWithNewModule dateformat@1.0.1-1.2.3 checking installable status
151 silly cache add args [ 'dateformat@1.0.1-1.2.3', null ]
152 verbose cache add spec dateformat@1.0.1-1.2.3
153 silly cache add parsed spec Result {
153 silly cache add   raw: 'dateformat@1.0.1-1.2.3',
153 silly cache add   scope: null,
153 silly cache add   escapedName: 'dateformat',
153 silly cache add   name: 'dateformat',
153 silly cache add   rawSpec: '1.0.1-1.2.3',
153 silly cache add   spec: '1.0.1-1.2.3',
153 silly cache add   type: 'version' }
154 silly addNamed dateformat@1.0.1-1.2.3
155 verbose addNamed "1.0.1-1.2.3" is a plain semver version for dateformat
156 silly mapToRegistry name dateformat
157 silly mapToRegistry using default registry
158 silly mapToRegistry registry https://registry.npmjs.org/
159 silly mapToRegistry data Result {
159 silly mapToRegistry   raw: 'dateformat',
159 silly mapToRegistry   scope: null,
159 silly mapToRegistry   escapedName: 'dateformat',
159 silly mapToRegistry   name: 'dateformat',
159 silly mapToRegistry   rawSpec: '',
159 silly mapToRegistry   spec: 'latest',
159 silly mapToRegistry   type: 'tag' }
160 silly mapToRegistry uri https://registry.npmjs.org/dateformat
161 verbose addNameVersion registry:https://registry.npmjs.org/dateformat not in flight; fetching
162 info git [ 'clone',
162 info git   '--template=C:\\Users\\melanie\\AppData\\Local\\.meteor\\packages\\meteor-tool\\1.4.2_3\\mt-os.windows.x86_32\\dev_bundle\\.npm\\_git-remotes\\_templates',
162 info git   '--mirror',
162 info git   'git://github.com/braintree/wrap-promise.git',
162 info git   'C:\\Users\\melanie\\AppData\\Local\\.meteor\\packages\\meteor-tool\\1.4.2_3\\mt-os.windows.x86_32\\dev_bundle\\.npm\\_git-remotes\\git-github-com-braintree-wrap-promise-git-1-1-0-657333ee' ]
163 http 200 https://registry.npmjs.org/depd
164 verbose headers { server: 'nginx/1.10.1',
164 verbose headers   'content-type': 'application/json',
164 verbose headers   'last-modified': 'Thu, 11 May 2017 17:05:48 GMT',
164 verbose headers   etag: 'W/"591499ec-710a"',
164 verbose headers   'content-encoding': 'gzip',
164 verbose headers   'cache-control': 'max-age=300',
164 verbose headers   'content-length': '5375',
164 verbose headers   'accept-ranges': 'bytes',
164 verbose headers   date: 'Thu, 29 Jun 2017 23:35:01 GMT',
164 verbose headers   via: '1.1 varnish',
164 verbose headers   age: '100',
164 verbose headers   connection: 'keep-alive',
164 verbose headers   'x-served-by': 'cache-bos8233-BOS',
164 verbose headers   'x-cache': 'HIT',
164 verbose headers   'x-cache-hits': '1',
164 verbose headers   'x-timer': 'S1498779301.062985,VS0,VE0',
164 verbose headers   vary: 'Accept-Encoding' }
165 silly get cb [ 200,
165 silly get   { server: 'nginx/1.10.1',
165 silly get     'content-type': 'application/json',
165 silly get     'last-modified': 'Thu, 11 May 2017 17:05:48 GMT',
165 silly get     etag: 'W/"591499ec-710a"',
165 silly get     'content-encoding': 'gzip',
165 silly get     'cache-control': 'max-age=300',
165 silly get     'content-length': '5375',
165 silly get     'accept-ranges': 'bytes',
165 silly get     date: 'Thu, 29 Jun 2017 23:35:01 GMT',
165 silly get     via: '1.1 varnish',
165 silly get     age: '100',
165 silly get     connection: 'keep-alive',
165 silly get     'x-served-by': 'cache-bos8233-BOS',
165 silly get     'x-cache': 'HIT',
165 silly get     'x-cache-hits': '1',
165 silly get     'x-timer': 'S1498779301.062985,VS0,VE0',
165 silly get     vary: 'Accept-Encoding' } ]
166 verbose get saving depd to C:\Users\melanie\AppData\Local\.meteor\packages\meteor-tool\1.4.2_3\mt-os.windows.x86_32\dev_bundle\.npm\registry.npmjs.org\depd\.cache.json
167 verbose correctMkdir C:\Users\melanie\AppData\Local\.meteor\packages\meteor-tool\1.4.2_3\mt-os.windows.x86_32\dev_bundle\.npm correctMkdir not in flight; initializing
168 http 200 https://registry.npmjs.org/underscore
169 verbose headers { server: 'nginx/1.10.1',
169 verbose headers   'content-type': 'application/json',
169 verbose headers   'last-modified': 'Wed, 28 Jun 2017 05:48:32 GMT',
169 verbose headers   etag: 'W/"59534330-adf6"',
169 verbose headers   'content-encoding': 'gzip',
169 verbose headers   'cache-control': 'max-age=300',
169 verbose headers   'content-length': '7422',
169 verbose headers   'accept-ranges': 'bytes',
169 verbose headers   date: 'Thu, 29 Jun 2017 23:35:01 GMT',
169 verbose headers   via: '1.1 varnish',
169 verbose headers   age: '89',
169 verbose headers   connection: 'keep-alive',
169 verbose headers   'x-served-by': 'cache-bos8223-BOS',
169 verbose headers   'x-cache': 'HIT',
169 verbose headers   'x-cache-hits': '235',
169 verbose headers   'x-timer': 'S1498779301.083199,VS0,VE0',
169 verbose headers   vary: 'Accept-Encoding' }
170 silly get cb [ 200,
170 silly get   { server: 'nginx/1.10.1',
170 silly get     'content-type': 'application/json',
170 silly get     'last-modified': 'Wed, 28 Jun 2017 05:48:32 GMT',
170 silly get     etag: 'W/"59534330-adf6"',
170 silly get     'content-encoding': 'gzip',
170 silly get     'cache-control': 'max-age=300',
170 silly get     'content-length': '7422',
170 silly get     'accept-ranges': 'bytes',
170 silly get     date: 'Thu, 29 Jun 2017 23:35:01 GMT',
170 silly get     via: '1.1 varnish',
170 silly get     age: '89',
170 silly get     connection: 'keep-alive',
170 silly get     'x-served-by': 'cache-bos8223-BOS',
170 silly get     'x-cache': 'HIT',
170 silly get     'x-cache-hits': '235',
170 silly get     'x-timer': 'S1498779301.083199,VS0,VE0',
170 silly get     vary: 'Accept-Encoding' } ]
171 verbose get saving underscore to C:\Users\melanie\AppData\Local\.meteor\packages\meteor-tool\1.4.2_3\mt-os.windows.x86_32\dev_bundle\.npm\registry.npmjs.org\underscore\.cache.json
172 verbose correctMkdir C:\Users\melanie\AppData\Local\.meteor\packages\meteor-tool\1.4.2_3\mt-os.windows.x86_32\dev_bundle\.npm correctMkdir not in flight; initializing
173 http 200 https://registry.npmjs.org/semver
174 verbose headers { server: 'nginx/1.10.1',
174 verbose headers   'content-type': 'application/json',
174 verbose headers   'last-modified': 'Mon, 19 Jun 2017 01:44:50 GMT',
174 verbose headers   etag: 'W/"59472c92-11c5e"',
174 verbose headers   'content-encoding': 'gzip',
174 verbose headers   'cache-control': 'max-age=300',
174 verbose headers   'content-length': '12285',
174 verbose headers   'accept-ranges': 'bytes',
174 verbose headers   date: 'Thu, 29 Jun 2017 23:35:01 GMT',
174 verbose headers   via: '1.1 varnish',
174 verbose headers   age: '178',
174 verbose headers   connection: 'keep-alive',
174 verbose headers   'x-served-by': 'cache-bos8225-BOS',
174 verbose headers   'x-cache': 'HIT',
174 verbose headers   'x-cache-hits': '1',
174 verbose headers   'x-timer': 'S1498779301.083237,VS0,VE0',
174 verbose headers   vary: 'Accept-Encoding' }
175 silly get cb [ 200,
175 silly get   { server: 'nginx/1.10.1',
175 silly get     'content-type': 'application/json',
175 silly get     'last-modified': 'Mon, 19 Jun 2017 01:44:50 GMT',
175 silly get     etag: 'W/"59472c92-11c5e"',
175 silly get     'content-encoding': 'gzip',
175 silly get     'cache-control': 'max-age=300',
175 silly get     'content-length': '12285',
175 silly get     'accept-ranges': 'bytes',
175 silly get     date: 'Thu, 29 Jun 2017 23:35:01 GMT',
175 silly get     via: '1.1 varnish',
175 silly get     age: '178',
175 silly get     connection: 'keep-alive',
175 silly get     'x-served-by': 'cache-bos8225-BOS',
175 silly get     'x-cache': 'HIT',
175 silly get     'x-cache-hits': '1',
175 silly get     'x-timer': 'S1498779301.083237,VS0,VE0',
175 silly get     vary: 'Accept-Encoding' } ]
176 verbose get saving semver to C:\Users\melanie\AppData\Local\.meteor\packages\meteor-tool\1.4.2_3\mt-os.windows.x86_32\dev_bundle\.npm\registry.npmjs.org\semver\.cache.json
177 verbose correctMkdir C:\Users\melanie\AppData\Local\.meteor\packages\meteor-tool\1.4.2_3\mt-os.windows.x86_32\dev_bundle\.npm correctMkdir not in flight; initializing
178 http 200 https://registry.npmjs.org/readable-stream
179 verbose headers { server: 'nginx/1.10.1',
179 verbose headers   'content-type': 'application/json',
179 verbose headers   'last-modified': 'Thu, 29 Jun 2017 14:17:53 GMT',
179 verbose headers   etag: 'W/"59550c11-19865"',
179 verbose headers   'content-encoding': 'gzip',
179 verbose headers   'cache-control': 'max-age=300',
179 verbose headers   'content-length': '10495',
179 verbose headers   'accept-ranges': 'bytes',
179 verbose headers   date: 'Thu, 29 Jun 2017 23:35:01 GMT',
179 verbose headers   via: '1.1 varnish',
179 verbose headers   age: '275',
179 verbose headers   connection: 'keep-alive',
179 verbose headers   'x-served-by': 'cache-bos8222-BOS',
179 verbose headers   'x-cache': 'HIT',
179 verbose headers   'x-cache-hits': '2',
179 verbose headers   'x-timer': 'S1498779301.089212,VS0,VE0',
179 verbose headers   vary: 'Accept-Encoding' }
180 silly get cb [ 200,
180 silly get   { server: 'nginx/1.10.1',
180 silly get     'content-type': 'application/json',
180 silly get     'last-modified': 'Thu, 29 Jun 2017 14:17:53 GMT',
180 silly get     etag: 'W/"59550c11-19865"',
180 silly get     'content-encoding': 'gzip',
180 silly get     'cache-control': 'max-age=300',
180 silly get     'content-length': '10495',
180 silly get     'accept-ranges': 'bytes',
180 silly get     date: 'Thu, 29 Jun 2017 23:35:01 GMT',
180 silly get     via: '1.1 varnish',
180 silly get     age: '275',
180 silly get     connection: 'keep-alive',
180 silly get     'x-served-by': 'cache-bos8222-BOS',
180 silly get     'x-cache': 'HIT',
180 silly get     'x-cache-hits': '2',
180 silly get     'x-timer': 'S1498779301.089212,VS0,VE0',
180 silly get     vary: 'Accept-Encoding' } ]
181 verbose get saving readable-stream to C:\Users\melanie\AppData\Local\.meteor\packages\meteor-tool\1.4.2_3\mt-os.windows.x86_32\dev_bundle\.npm\registry.npmjs.org\readable-stream\.cache.json
182 verbose correctMkdir C:\Users\melanie\AppData\Local\.meteor\packages\meteor-tool\1.4.2_3\mt-os.windows.x86_32\dev_bundle\.npm correctMkdir not in flight; initializing
183 silly resolveWithNewModule depd@1.1.0 checking installable status
184 silly cache add args [ 'depd@~1.1.0', null ]
185 verbose cache add spec depd@~1.1.0
186 silly cache add parsed spec Result {
186 silly cache add   raw: 'depd@~1.1.0',
186 silly cache add   scope: null,
186 silly cache add   escapedName: 'depd',
186 silly cache add   name: 'depd',
186 silly cache add   rawSpec: '~1.1.0',
186 silly cache add   spec: '>=1.1.0 <1.2.0',
186 silly cache add   type: 'range' }
187 silly addNamed depd@>=1.1.0 <1.2.0
188 verbose addNamed ">=1.1.0 <1.2.0" is a valid semver range for depd
189 silly addNameRange { name: 'depd', range: '>=1.1.0 <1.2.0', hasData: false }
190 silly mapToRegistry name depd
191 silly mapToRegistry using default registry
192 silly mapToRegistry registry https://registry.npmjs.org/
193 silly mapToRegistry data Result {
193 silly mapToRegistry   raw: 'depd',
193 silly mapToRegistry   scope: null,
193 silly mapToRegistry   escapedName: 'depd',
193 silly mapToRegistry   name: 'depd',
193 silly mapToRegistry   rawSpec: '',
193 silly mapToRegistry   spec: 'latest',
193 silly mapToRegistry   type: 'tag' }
194 silly mapToRegistry uri https://registry.npmjs.org/depd
195 verbose addNameRange registry:https://registry.npmjs.org/depd not in flight; fetching
196 verbose get https://registry.npmjs.org/dateformat not expired, no request
197 silly mapToRegistry name dateformat
198 silly mapToRegistry using default registry
199 silly mapToRegistry registry https://registry.npmjs.org/
200 silly mapToRegistry data Result {
200 silly mapToRegistry   raw: 'dateformat',
200 silly mapToRegistry   scope: null,
200 silly mapToRegistry   escapedName: 'dateformat',
200 silly mapToRegistry   name: 'dateformat',
200 silly mapToRegistry   rawSpec: '',
200 silly mapToRegistry   spec: 'latest',
200 silly mapToRegistry   type: 'tag' }
201 silly mapToRegistry uri https://registry.npmjs.org/dateformat
202 verbose addRemoteTarball https://registry.npmjs.org/dateformat/-/dateformat-1.0.1-1.2.3.tgz not in flight; adding
203 verbose addRemoteTarball [ 'https://registry.npmjs.org/dateformat/-/dateformat-1.0.1-1.2.3.tgz',
203 verbose addRemoteTarball   '2e5d03039eca89f9d8797f99389de5fb0f4aa2fc' ]
204 verbose get https://registry.npmjs.org/depd not expired, no request
205 silly addNameRange number 2 { name: 'depd', range: '>=1.1.0 <1.2.0', hasData: true }
206 silly addNameRange versions [ 'depd',
206 silly addNameRange   [ '0.0.0',
206 silly addNameRange     '0.0.1',
206 silly addNameRange     '0.1.0',
206 silly addNameRange     '0.2.0',
206 silly addNameRange     '0.3.0',
206 silly addNameRange     '0.4.0',
206 silly addNameRange     '0.4.1',
206 silly addNameRange     '0.4.2',
206 silly addNameRange     '0.4.3',
206 silly addNameRange     '0.4.4',
206 silly addNameRange     '0.4.5',
206 silly addNameRange     '1.0.0',
206 silly addNameRange     '1.0.1',
206 silly addNameRange     '1.1.0' ] ]
207 silly addNamed depd@1.1.0
208 verbose addNamed "1.1.0" is a plain semver version for depd
209 silly mapToRegistry name depd
210 silly mapToRegistry using default registry
211 silly mapToRegistry registry https://registry.npmjs.org/
212 silly mapToRegistry data Result {
212 silly mapToRegistry   raw: 'depd',
212 silly mapToRegistry   scope: null,
212 silly mapToRegistry   escapedName: 'depd',
212 silly mapToRegistry   name: 'depd',
212 silly mapToRegistry   rawSpec: '',
212 silly mapToRegistry   spec: 'latest',
212 silly mapToRegistry   type: 'tag' }
213 silly mapToRegistry uri https://registry.npmjs.org/depd
214 verbose addRemoteTarball https://registry.npmjs.org/depd/-/depd-1.1.0.tgz not in flight; adding
215 verbose addRemoteTarball [ 'https://registry.npmjs.org/depd/-/depd-1.1.0.tgz',
215 verbose addRemoteTarball   'e1bd82c6aab6ced965b97b88b17ed3e528ca18c3' ]
216 info retry fetch attempt 1 at 7:34:59 PM
217 info attempt registry request try #1 at 7:34:59 PM
218 http fetch GET https://registry.npmjs.org/dateformat/-/dateformat-1.0.1-1.2.3.tgz
219 silly resolveWithNewModule semver@5.1.0 checking installable status
220 silly cache add args [ 'semver@5.1.0', null ]
221 verbose cache add spec semver@5.1.0
222 silly cache add parsed spec Result {
222 silly cache add   raw: 'semver@5.1.0',
222 silly cache add   scope: null,
222 silly cache add   escapedName: 'semver',
222 silly cache add   name: 'semver',
222 silly cache add   rawSpec: '5.1.0',
222 silly cache add   spec: '5.1.0',
222 silly cache add   type: 'version' }
223 silly addNamed semver@5.1.0
224 verbose addNamed "5.1.0" is a plain semver version for semver
225 silly mapToRegistry name semver
226 silly mapToRegistry using default registry
227 silly mapToRegistry registry https://registry.npmjs.org/
228 silly mapToRegistry data Result {
228 silly mapToRegistry   raw: 'semver',
228 silly mapToRegistry   scope: null,
228 silly mapToRegistry   escapedName: 'semver',
228 silly mapToRegistry   name: 'semver',
228 silly mapToRegistry   rawSpec: '',
228 silly mapToRegistry   spec: 'latest',
228 silly mapToRegistry   type: 'tag' }
229 silly mapToRegistry uri https://registry.npmjs.org/semver
230 verbose addNameVersion registry:https://registry.npmjs.org/semver not in flight; fetching
231 info retry fetch attempt 1 at 7:34:59 PM
232 info attempt registry request try #1 at 7:34:59 PM
233 http fetch GET https://registry.npmjs.org/depd/-/depd-1.1.0.tgz
234 http 200 https://registry.npmjs.org/xml2js
235 verbose headers { server: 'nginx/1.10.1',
235 verbose headers   'content-type': 'application/json',
235 verbose headers   'last-modified': 'Fri, 23 Jun 2017 16:56:43 GMT',
235 verbose headers   etag: 'W/"594d484b-1ebad"',
235 verbose headers   'content-encoding': 'gzip',
235 verbose headers   'cache-control': 'max-age=300',
235 verbose headers   'content-length': '13990',
235 verbose headers   'accept-ranges': 'bytes',
235 verbose headers   date: 'Thu, 29 Jun 2017 23:35:01 GMT',
235 verbose headers   via: '1.1 varnish',
235 verbose headers   age: '176',
235 verbose headers   connection: 'keep-alive',
235 verbose headers   'x-served-by': 'cache-bos8230-BOS',
235 verbose headers   'x-cache': 'HIT',
235 verbose headers   'x-cache-hits': '2',
235 verbose headers   'x-timer': 'S1498779301.089277,VS0,VE0',
235 verbose headers   vary: 'Accept-Encoding' }
236 silly get cb [ 200,
236 silly get   { server: 'nginx/1.10.1',
236 silly get     'content-type': 'application/json',
236 silly get     'last-modified': 'Fri, 23 Jun 2017 16:56:43 GMT',
236 silly get     etag: 'W/"594d484b-1ebad"',
236 silly get     'content-encoding': 'gzip',
236 silly get     'cache-control': 'max-age=300',
236 silly get     'content-length': '13990',
236 silly get     'accept-ranges': 'bytes',
236 silly get     date: 'Thu, 29 Jun 2017 23:35:01 GMT',
236 silly get     via: '1.1 varnish',
236 silly get     age: '176',
236 silly get     connection: 'keep-alive',
236 silly get     'x-served-by': 'cache-bos8230-BOS',
236 silly get     'x-cache': 'HIT',
236 silly get     'x-cache-hits': '2',
236 silly get     'x-timer': 'S1498779301.089277,VS0,VE0',
236 silly get     vary: 'Accept-Encoding' } ]
237 verbose get saving xml2js to C:\Users\melanie\AppData\Local\.meteor\packages\meteor-tool\1.4.2_3\mt-os.windows.x86_32\dev_bundle\.npm\registry.npmjs.org\xml2js\.cache.json
238 verbose correctMkdir C:\Users\melanie\AppData\Local\.meteor\packages\meteor-tool\1.4.2_3\mt-os.windows.x86_32\dev_bundle\.npm correctMkdir not in flight; initializing
239 verbose get https://registry.npmjs.org/semver not expired, no request
240 silly mapToRegistry name semver
241 silly mapToRegistry using default registry
242 silly mapToRegistry registry https://registry.npmjs.org/
243 silly mapToRegistry data Result {
243 silly mapToRegistry   raw: 'semver',
243 silly mapToRegistry   scope: null,
243 silly mapToRegistry   escapedName: 'semver',
243 silly mapToRegistry   name: 'semver',
243 silly mapToRegistry   rawSpec: '',
243 silly mapToRegistry   spec: 'latest',
243 silly mapToRegistry   type: 'tag' }
244 silly mapToRegistry uri https://registry.npmjs.org/semver
245 verbose addRemoteTarball https://registry.npmjs.org/semver/-/semver-5.1.0.tgz not in flight; adding
246 verbose addRemoteTarball [ 'https://registry.npmjs.org/semver/-/semver-5.1.0.tgz',
246 verbose addRemoteTarball   '85f2cf8550465c4df000cf7d86f6b054106ab9e5' ]
247 http fetch 200 https://registry.npmjs.org/depd/-/depd-1.1.0.tgz
248 silly resolveWithNewModule underscore@1.8.3 checking installable status
249 silly cache add args [ 'underscore@1.8.3', null ]
250 verbose cache add spec underscore@1.8.3
251 silly cache add parsed spec Result {
251 silly cache add   raw: 'underscore@1.8.3',
251 silly cache add   scope: null,
251 silly cache add   escapedName: 'underscore',
251 silly cache add   name: 'underscore',
251 silly cache add   rawSpec: '1.8.3',
251 silly cache add   spec: '1.8.3',
251 silly cache add   type: 'version' }
252 silly addNamed underscore@1.8.3
253 verbose addNamed "1.8.3" is a plain semver version for underscore
254 silly mapToRegistry name underscore
255 silly mapToRegistry using default registry
256 silly mapToRegistry registry https://registry.npmjs.org/
257 silly mapToRegistry data Result {
257 silly mapToRegistry   raw: 'underscore',
257 silly mapToRegistry   scope: null,
257 silly mapToRegistry   escapedName: 'underscore',
257 silly mapToRegistry   name: 'underscore',
257 silly mapToRegistry   rawSpec: '',
257 silly mapToRegistry   spec: 'latest',
257 silly mapToRegistry   type: 'tag' }
258 silly mapToRegistry uri https://registry.npmjs.org/underscore
259 verbose addNameVersion registry:https://registry.npmjs.org/underscore not in flight; fetching
260 silly resolveWithNewModule readable-stream@1.1.10 checking installable status
261 silly cache add args [ 'readable-stream@1.1.10', null ]
262 verbose cache add spec readable-stream@1.1.10
263 silly cache add parsed spec Result {
263 silly cache add   raw: 'readable-stream@1.1.10',
263 silly cache add   scope: null,
263 silly cache add   escapedName: 'readable-stream',
263 silly cache add   name: 'readable-stream',
263 silly cache add   rawSpec: '1.1.10',
263 silly cache add   spec: '1.1.10',
263 silly cache add   type: 'version' }
264 silly addNamed readable-stream@1.1.10
265 verbose addNamed "1.1.10" is a plain semver version for readable-stream
266 silly mapToRegistry name readable-stream
267 silly mapToRegistry using default registry
268 silly mapToRegistry registry https://registry.npmjs.org/
269 silly mapToRegistry data Result {
269 silly mapToRegistry   raw: 'readable-stream',
269 silly mapToRegistry   scope: null,
269 silly mapToRegistry   escapedName: 'readable-stream',
269 silly mapToRegistry   name: 'readable-stream',
269 silly mapToRegistry   rawSpec: '',
269 silly mapToRegistry   spec: 'latest',
269 silly mapToRegistry   type: 'tag' }
270 silly mapToRegistry uri https://registry.npmjs.org/readable-stream
271 verbose addNameVersion registry:https://registry.npmjs.org/readable-stream not in flight; fetching
272 info retry fetch attempt 1 at 7:34:59 PM
273 info attempt registry request try #1 at 7:34:59 PM
274 http fetch GET https://registry.npmjs.org/semver/-/semver-5.1.0.tgz
275 verbose get https://registry.npmjs.org/underscore not expired, no request
276 verbose get https://registry.npmjs.org/readable-stream not expired, no request
277 silly fetchAndShaCheck shasum e1bd82c6aab6ced965b97b88b17ed3e528ca18c3
278 silly mapToRegistry name underscore
279 silly mapToRegistry using default registry
280 silly mapToRegistry registry https://registry.npmjs.org/
281 silly mapToRegistry data Result {
281 silly mapToRegistry   raw: 'underscore',
281 silly mapToRegistry   scope: null,
281 silly mapToRegistry   escapedName: 'underscore',
281 silly mapToRegistry   name: 'underscore',
281 silly mapToRegistry   rawSpec: '',
281 silly mapToRegistry   spec: 'latest',
281 silly mapToRegistry   type: 'tag' }
282 silly mapToRegistry uri https://registry.npmjs.org/underscore
283 verbose addRemoteTarball https://registry.npmjs.org/underscore/-/underscore-1.8.3.tgz not in flight; adding
284 verbose addRemoteTarball [ 'https://registry.npmjs.org/underscore/-/underscore-1.8.3.tgz',
284 verbose addRemoteTarball   '4f3fb53b106e6097fcf9cb4109f2a5e9bdfa5022' ]
285 silly mapToRegistry name readable-stream
286 silly mapToRegistry using default registry
287 silly mapToRegistry registry https://registry.npmjs.org/
288 silly mapToRegistry data Result {
288 silly mapToRegistry   raw: 'readable-stream',
288 silly mapToRegistry   scope: null,
288 silly mapToRegistry   escapedName: 'readable-stream',
288 silly mapToRegistry   name: 'readable-stream',
288 silly mapToRegistry   rawSpec: '',
288 silly mapToRegistry   spec: 'latest',
288 silly mapToRegistry   type: 'tag' }
289 silly mapToRegistry uri https://registry.npmjs.org/readable-stream
290 verbose addRemoteTarball https://registry.npmjs.org/readable-stream/-/readable-stream-1.1.10.tgz not in flight; adding
291 verbose addRemoteTarball [ 'https://registry.npmjs.org/readable-stream/-/readable-stream-1.1.10.tgz',
291 verbose addRemoteTarball   'd4dc2e5319e9c90d1e71c69390ef62cd90827f65' ]
292 verbose addTmpTarball C:\Users\melanie\AppData\Local\Temp\npm-10564-e24b8531\registry.npmjs.org\depd\-\depd-1.1.0.tgz not in flight; adding
293 verbose addTmpTarball already have metadata; skipping unpack for depd@1.1.0
294 verbose correctMkdir C:\Users\melanie\AppData\Local\.meteor\packages\meteor-tool\1.4.2_3\mt-os.windows.x86_32\dev_bundle\.npm correctMkdir not in flight; initializing
295 silly resolveWithNewModule xml2js@0.1.13 checking installable status
296 silly cache add args [ 'xml2js@0.1.13', null ]
297 verbose cache add spec xml2js@0.1.13
298 silly cache add parsed spec Result {
298 silly cache add   raw: 'xml2js@0.1.13',
298 silly cache add   scope: null,
298 silly cache add   escapedName: 'xml2js',
298 silly cache add   name: 'xml2js',
298 silly cache add   rawSpec: '0.1.13',
298 silly cache add   spec: '0.1.13',
298 silly cache add   type: 'version' }
299 silly addNamed xml2js@0.1.13
300 verbose addNamed "0.1.13" is a plain semver version for xml2js
301 silly mapToRegistry name xml2js
302 silly mapToRegistry using default registry
303 silly mapToRegistry registry https://registry.npmjs.org/
304 silly mapToRegistry data Result {
304 silly mapToRegistry   raw: 'xml2js',
304 silly mapToRegistry   scope: null,
304 silly mapToRegistry   escapedName: 'xml2js',
304 silly mapToRegistry   name: 'xml2js',
304 silly mapToRegistry   rawSpec: '',
304 silly mapToRegistry   spec: 'latest',
304 silly mapToRegistry   type: 'tag' }
305 silly mapToRegistry uri https://registry.npmjs.org/xml2js
306 verbose addNameVersion registry:https://registry.npmjs.org/xml2js not in flight; fetching
307 http fetch 200 https://registry.npmjs.org/semver/-/semver-5.1.0.tgz
308 info retry fetch attempt 1 at 7:34:59 PM
309 info attempt registry request try #1 at 7:34:59 PM
310 http fetch GET https://registry.npmjs.org/underscore/-/underscore-1.8.3.tgz
311 info retry fetch attempt 1 at 7:34:59 PM
312 info attempt registry request try #1 at 7:34:59 PM
313 http fetch GET https://registry.npmjs.org/readable-stream/-/readable-stream-1.1.10.tgz
314 silly fetchAndShaCheck shasum 85f2cf8550465c4df000cf7d86f6b054106ab9e5
315 verbose addTmpTarball C:\Users\melanie\AppData\Local\Temp\npm-10564-e24b8531\registry.npmjs.org\semver\-\semver-5.1.0.tgz not in flight; adding
316 verbose addTmpTarball already have metadata; skipping unpack for semver@5.1.0
317 verbose correctMkdir C:\Users\melanie\AppData\Local\.meteor\packages\meteor-tool\1.4.2_3\mt-os.windows.x86_32\dev_bundle\.npm correctMkdir not in flight; initializing
318 http fetch 200 https://registry.npmjs.org/underscore/-/underscore-1.8.3.tgz
319 silly cache afterAdd depd@1.1.0
320 verbose afterAdd C:\Users\melanie\AppData\Local\.meteor\packages\meteor-tool\1.4.2_3\mt-os.windows.x86_32\dev_bundle\.npm\depd\1.1.0\package\package.json not in flight; writing
321 verbose correctMkdir C:\Users\melanie\AppData\Local\.meteor\packages\meteor-tool\1.4.2_3\mt-os.windows.x86_32\dev_bundle\.npm correctMkdir not in flight; initializing
322 silly fetchAndShaCheck shasum 4f3fb53b106e6097fcf9cb4109f2a5e9bdfa5022
323 verbose addTmpTarball C:\Users\melanie\AppData\Local\Temp\npm-10564-e24b8531\registry.npmjs.org\underscore\-\underscore-1.8.3.tgz not in flight; adding
324 verbose addTmpTarball already have metadata; skipping unpack for underscore@1.8.3
325 verbose correctMkdir C:\Users\melanie\AppData\Local\.meteor\packages\meteor-tool\1.4.2_3\mt-os.windows.x86_32\dev_bundle\.npm correctMkdir not in flight; initializing
326 silly cache afterAdd semver@5.1.0
327 verbose afterAdd C:\Users\melanie\AppData\Local\.meteor\packages\meteor-tool\1.4.2_3\mt-os.windows.x86_32\dev_bundle\.npm\semver\5.1.0\package\package.json not in flight; writing
328 verbose correctMkdir C:\Users\melanie\AppData\Local\.meteor\packages\meteor-tool\1.4.2_3\mt-os.windows.x86_32\dev_bundle\.npm correctMkdir not in flight; initializing
329 verbose afterAdd C:\Users\melanie\AppData\Local\.meteor\packages\meteor-tool\1.4.2_3\mt-os.windows.x86_32\dev_bundle\.npm\depd\1.1.0\package\package.json written
330 verbose afterAdd C:\Users\melanie\AppData\Local\.meteor\packages\meteor-tool\1.4.2_3\mt-os.windows.x86_32\dev_bundle\.npm\semver\5.1.0\package\package.json written
331 silly cache afterAdd underscore@1.8.3
332 verbose afterAdd C:\Users\melanie\AppData\Local\.meteor\packages\meteor-tool\1.4.2_3\mt-os.windows.x86_32\dev_bundle\.npm\underscore\1.8.3\package\package.json not in flight; writing
333 verbose correctMkdir C:\Users\melanie\AppData\Local\.meteor\packages\meteor-tool\1.4.2_3\mt-os.windows.x86_32\dev_bundle\.npm correctMkdir not in flight; initializing
334 http fetch 200 https://registry.npmjs.org/dateformat/-/dateformat-1.0.1-1.2.3.tgz
335 verbose get https://registry.npmjs.org/xml2js not expired, no request
336 silly mapToRegistry name xml2js
337 silly mapToRegistry using default registry
338 silly mapToRegistry registry https://registry.npmjs.org/
339 silly mapToRegistry data Result {
339 silly mapToRegistry   raw: 'xml2js',
339 silly mapToRegistry   scope: null,
339 silly mapToRegistry   escapedName: 'xml2js',
339 silly mapToRegistry   name: 'xml2js',
339 silly mapToRegistry   rawSpec: '',
339 silly mapToRegistry   spec: 'latest',
339 silly mapToRegistry   type: 'tag' }
340 silly mapToRegistry uri https://registry.npmjs.org/xml2js
341 verbose addRemoteTarball https://registry.npmjs.org/xml2js/-/xml2js-0.1.13.tgz not in flight; adding
342 verbose addRemoteTarball [ 'https://registry.npmjs.org/xml2js/-/xml2js-0.1.13.tgz',
342 verbose addRemoteTarball   '438ff3b1d85a51ad659ffc2ebe83403e10c98722' ]
343 info retry fetch attempt 1 at 7:34:59 PM
344 info attempt registry request try #1 at 7:34:59 PM
345 http fetch GET https://registry.npmjs.org/xml2js/-/xml2js-0.1.13.tgz
346 verbose afterAdd C:\Users\melanie\AppData\Local\.meteor\packages\meteor-tool\1.4.2_3\mt-os.windows.x86_32\dev_bundle\.npm\underscore\1.8.3\package\package.json written
347 silly fetchAndShaCheck shasum 2e5d03039eca89f9d8797f99389de5fb0f4aa2fc
348 verbose addTmpTarball C:\Users\melanie\AppData\Local\Temp\npm-10564-e24b8531\registry.npmjs.org\dateformat\-\dateformat-1.0.1-1.2.3.tgz not in flight; adding
349 verbose addTmpTarball already have metadata; skipping unpack for dateformat@1.0.1-1.2.3
350 verbose correctMkdir C:\Users\melanie\AppData\Local\.meteor\packages\meteor-tool\1.4.2_3\mt-os.windows.x86_32\dev_bundle\.npm correctMkdir not in flight; initializing
351 silly cache afterAdd dateformat@1.0.1-1.2.3
352 verbose afterAdd C:\Users\melanie\AppData\Local\.meteor\packages\meteor-tool\1.4.2_3\mt-os.windows.x86_32\dev_bundle\.npm\dateformat\1.0.1-1.2.3\package\package.json not in flight; writing
353 verbose correctMkdir C:\Users\melanie\AppData\Local\.meteor\packages\meteor-tool\1.4.2_3\mt-os.windows.x86_32\dev_bundle\.npm correctMkdir not in flight; initializing
354 verbose afterAdd C:\Users\melanie\AppData\Local\.meteor\packages\meteor-tool\1.4.2_3\mt-os.windows.x86_32\dev_bundle\.npm\dateformat\1.0.1-1.2.3\package\package.json written
355 http fetch 200 https://registry.npmjs.org/readable-stream/-/readable-stream-1.1.10.tgz
356 silly fetchAndShaCheck shasum d4dc2e5319e9c90d1e71c69390ef62cd90827f65
357 verbose addTmpTarball C:\Users\melanie\AppData\Local\Temp\npm-10564-e24b8531\registry.npmjs.org\readable-stream\-\readable-stream-1.1.10.tgz not in flight; adding
358 verbose addTmpTarball already have metadata; skipping unpack for readable-stream@1.1.10
359 verbose correctMkdir C:\Users\melanie\AppData\Local\.meteor\packages\meteor-tool\1.4.2_3\mt-os.windows.x86_32\dev_bundle\.npm correctMkdir not in flight; initializing
360 http fetch 200 https://registry.npmjs.org/xml2js/-/xml2js-0.1.13.tgz
361 silly fetchAndShaCheck shasum 438ff3b1d85a51ad659ffc2ebe83403e10c98722
362 verbose addTmpTarball C:\Users\melanie\AppData\Local\Temp\npm-10564-e24b8531\registry.npmjs.org\xml2js\-\xml2js-0.1.13.tgz not in flight; adding
363 verbose addTmpTarball already have metadata; skipping unpack for xml2js@0.1.13
364 verbose correctMkdir C:\Users\melanie\AppData\Local\.meteor\packages\meteor-tool\1.4.2_3\mt-os.windows.x86_32\dev_bundle\.npm correctMkdir not in flight; initializing
365 silly cache afterAdd xml2js@0.1.13
366 verbose afterAdd C:\Users\melanie\AppData\Local\.meteor\packages\meteor-tool\1.4.2_3\mt-os.windows.x86_32\dev_bundle\.npm\xml2js\0.1.13\package\package.json not in flight; writing
367 verbose correctMkdir C:\Users\melanie\AppData\Local\.meteor\packages\meteor-tool\1.4.2_3\mt-os.windows.x86_32\dev_bundle\.npm correctMkdir not in flight; initializing
368 silly cache afterAdd readable-stream@1.1.10
369 verbose afterAdd C:\Users\melanie\AppData\Local\.meteor\packages\meteor-tool\1.4.2_3\mt-os.windows.x86_32\dev_bundle\.npm\readable-stream\1.1.10\package\package.json not in flight; writing
370 verbose correctMkdir C:\Users\melanie\AppData\Local\.meteor\packages\meteor-tool\1.4.2_3\mt-os.windows.x86_32\dev_bundle\.npm correctMkdir not in flight; initializing
371 verbose afterAdd C:\Users\melanie\AppData\Local\.meteor\packages\meteor-tool\1.4.2_3\mt-os.windows.x86_32\dev_bundle\.npm\xml2js\0.1.13\package\package.json written
372 verbose afterAdd C:\Users\melanie\AppData\Local\.meteor\packages\meteor-tool\1.4.2_3\mt-os.windows.x86_32\dev_bundle\.npm\readable-stream\1.1.10\package\package.json written
373 verbose mirrorRemote braintree/wrap-promise#1.1.0 git clone git://github.com/braintree/wrap-promise.git
374 verbose setPermissions braintree/wrap-promise#1.1.0 skipping chownr on Windows
375 verbose resolveHead braintree/wrap-promise#1.1.0 original treeish: 1.1.0
376 info git [ 'rev-list', '-n1', '1.1.0' ]
377 silly resolveHead braintree/wrap-promise#1.1.0 resolved treeish: daa66452aa0d6fe9559be68e34e880ec52e8bf1f
378 verbose resolveHead braintree/wrap-promise#1.1.0 resolved Git URL: git://github.com/braintree/wrap-promise.git#daa66452aa0d6fe9559be68e34e880ec52e8bf1f
379 silly resolveHead Git working directory: C:\Users\melanie\AppData\Local\Temp\npm-10564-e24b8531\git-cache-d31096ed\daa66452aa0d6fe9559be68e34e880ec52e8bf1f
380 info git [ 'clone',
380 info git   'C:\\Users\\melanie\\AppData\\Local\\.meteor\\packages\\meteor-tool\\1.4.2_3\\mt-os.windows.x86_32\\dev_bundle\\.npm\\_git-remotes\\git-github-com-braintree-wrap-promise-git-1-1-0-657333ee',
380 info git   'C:\\Users\\melanie\\AppData\\Local\\Temp\\npm-10564-e24b8531\\git-cache-d31096ed\\daa66452aa0d6fe9559be68e34e880ec52e8bf1f' ]
381 error git clone C:\Users\melanie\AppData\Local\.meteor\packages\meteor-tool\1.4.2_3\mt-os.windows.x86_32\dev_bundle\.npm\_git-remotes\git-github-com-braintree-wrap-promise-git-1-1-0-657333ee C:\Users\melanie\AppData\Local\Temp\npm-10564-e24b8531\git-cache-d31096ed\daa66452aa0d6fe9559be68e34e880ec52e8bf1f: Cloning into 'C:\Users\melanie\AppData\Local\Temp\npm-10564-e24b8531\git-cache-d31096ed\daa66452aa0d6fe9559be68e34e880ec52e8bf1f'...
381 error git clone C:\Users\melanie\AppData\Local\.meteor\packages\meteor-tool\1.4.2_3\mt-os.windows.x86_32\dev_bundle\.npm\_git-remotes\git-github-com-braintree-wrap-promise-git-1-1-0-657333ee C:\Users\melanie\AppData\Local\Temp\npm-10564-e24b8531\git-cache-d31096ed\daa66452aa0d6fe9559be68e34e880ec52e8bf1f: git-upload-pack 'C:\Users\melanie\AppData\Local\.meteor\packages\meteor-tool\1.4.2_3\mt-os.windows.x86_32\dev_bundle\.npm\_git-remotes\git-github-com-braintree-wrap-promise-git-1-1-0-657333ee': git-upload-pack: command not found
381 error git clone C:\Users\melanie\AppData\Local\.meteor\packages\meteor-tool\1.4.2_3\mt-os.windows.x86_32\dev_bundle\.npm\_git-remotes\git-github-com-braintree-wrap-promise-git-1-1-0-657333ee C:\Users\melanie\AppData\Local\Temp\npm-10564-e24b8531\git-cache-d31096ed\daa66452aa0d6fe9559be68e34e880ec52e8bf1f: fatal: Could not read from remote repository.
381 error git clone C:\Users\melanie\AppData\Local\.meteor\packages\meteor-tool\1.4.2_3\mt-os.windows.x86_32\dev_bundle\.npm\_git-remotes\git-github-com-braintree-wrap-promise-git-1-1-0-657333ee C:\Users\melanie\AppData\Local\Temp\npm-10564-e24b8531\git-cache-d31096ed\daa66452aa0d6fe9559be68e34e880ec52e8bf1f:
381 error git clone C:\Users\melanie\AppData\Local\.meteor\packages\meteor-tool\1.4.2_3\mt-os.windows.x86_32\dev_bundle\.npm\_git-remotes\git-github-com-braintree-wrap-promise-git-1-1-0-657333ee C:\Users\melanie\AppData\Local\Temp\npm-10564-e24b8531\git-cache-d31096ed\daa66452aa0d6fe9559be68e34e880ec52e8bf1f: Please make sure you have the correct access rights
381 error git clone C:\Users\melanie\AppData\Local\.meteor\packages\meteor-tool\1.4.2_3\mt-os.windows.x86_32\dev_bundle\.npm\_git-remotes\git-github-com-braintree-wrap-promise-git-1-1-0-657333ee C:\Users\melanie\AppData\Local\Temp\npm-10564-e24b8531\git-cache-d31096ed\daa66452aa0d6fe9559be68e34e880ec52e8bf1f: and the repository exists.
382 silly tryHTTPS attempting to clone git+https://github.com/braintree/wrap-promise.git#1.1.0
383 silly tryClone cloning braintree/wrap-promise#1.1.0 via git+https://github.com/braintree/wrap-promise.git#1.1.0
384 verbose tryClone git-https-github-com-braintree-wrap-promise-git-1-1-0-8d40e552 not in flight; caching
385 verbose correctMkdir C:\Users\melanie\AppData\Local\.meteor\packages\meteor-tool\1.4.2_3\mt-os.windows.x86_32\dev_bundle\.npm\_git-remotes correctMkdir not in flight; initializing
386 info git [ 'clone',
386 info git   '--template=C:\\Users\\melanie\\AppData\\Local\\.meteor\\packages\\meteor-tool\\1.4.2_3\\mt-os.windows.x86_32\\dev_bundle\\.npm\\_git-remotes\\_templates',
386 info git   '--mirror',
386 info git   'https://github.com/braintree/wrap-promise.git',
386 info git   'C:\\Users\\melanie\\AppData\\Local\\.meteor\\packages\\meteor-tool\\1.4.2_3\\mt-os.windows.x86_32\\dev_bundle\\.npm\\_git-remotes\\git-https-github-com-braintree-wrap-promise-git-1-1-0-8d40e552' ]
387 verbose mirrorRemote braintree/wrap-promise#1.1.0 git clone https://github.com/braintree/wrap-promise.git
388 verbose setPermissions braintree/wrap-promise#1.1.0 skipping chownr on Windows
389 verbose resolveHead braintree/wrap-promise#1.1.0 original treeish: 1.1.0
390 info git [ 'rev-list', '-n1', '1.1.0' ]
391 silly resolveHead braintree/wrap-promise#1.1.0 resolved treeish: daa66452aa0d6fe9559be68e34e880ec52e8bf1f
392 verbose resolveHead braintree/wrap-promise#1.1.0 resolved Git URL: git+https://github.com/braintree/wrap-promise.git#daa66452aa0d6fe9559be68e34e880ec52e8bf1f
393 silly resolveHead Git working directory: C:\Users\melanie\AppData\Local\Temp\npm-10564-e24b8531\git-cache-2aedb945\daa66452aa0d6fe9559be68e34e880ec52e8bf1f
394 info git [ 'clone',
394 info git   'C:\\Users\\melanie\\AppData\\Local\\.meteor\\packages\\meteor-tool\\1.4.2_3\\mt-os.windows.x86_32\\dev_bundle\\.npm\\_git-remotes\\git-https-github-com-braintree-wrap-promise-git-1-1-0-8d40e552',
394 info git   'C:\\Users\\melanie\\AppData\\Local\\Temp\\npm-10564-e24b8531\\git-cache-2aedb945\\daa66452aa0d6fe9559be68e34e880ec52e8bf1f' ]
395 error git clone C:\Users\melanie\AppData\Local\.meteor\packages\meteor-tool\1.4.2_3\mt-os.windows.x86_32\dev_bundle\.npm\_git-remotes\git-https-github-com-braintree-wrap-promise-git-1-1-0-8d40e552 C:\Users\melanie\AppData\Local\Temp\npm-10564-e24b8531\git-cache-2aedb945\daa66452aa0d6fe9559be68e34e880ec52e8bf1f: Cloning into 'C:\Users\melanie\AppData\Local\Temp\npm-10564-e24b8531\git-cache-2aedb945\daa66452aa0d6fe9559be68e34e880ec52e8bf1f'...
395 error git clone C:\Users\melanie\AppData\Local\.meteor\packages\meteor-tool\1.4.2_3\mt-os.windows.x86_32\dev_bundle\.npm\_git-remotes\git-https-github-com-braintree-wrap-promise-git-1-1-0-8d40e552 C:\Users\melanie\AppData\Local\Temp\npm-10564-e24b8531\git-cache-2aedb945\daa66452aa0d6fe9559be68e34e880ec52e8bf1f: git-upload-pack 'C:\Users\melanie\AppData\Local\.meteor\packages\meteor-tool\1.4.2_3\mt-os.windows.x86_32\dev_bundle\.npm\_git-remotes\git-https-github-com-braintree-wrap-promise-git-1-1-0-8d40e552': git-upload-pack: command not found
395 error git clone C:\Users\melanie\AppData\Local\.meteor\packages\meteor-tool\1.4.2_3\mt-os.windows.x86_32\dev_bundle\.npm\_git-remotes\git-https-github-com-braintree-wrap-promise-git-1-1-0-8d40e552 C:\Users\melanie\AppData\Local\Temp\npm-10564-e24b8531\git-cache-2aedb945\daa66452aa0d6fe9559be68e34e880ec52e8bf1f: fatal: Could not read from remote repository.
395 error git clone C:\Users\melanie\AppData\Local\.meteor\packages\meteor-tool\1.4.2_3\mt-os.windows.x86_32\dev_bundle\.npm\_git-remotes\git-https-github-com-braintree-wrap-promise-git-1-1-0-8d40e552 C:\Users\melanie\AppData\Local\Temp\npm-10564-e24b8531\git-cache-2aedb945\daa66452aa0d6fe9559be68e34e880ec52e8bf1f:
395 error git clone C:\Users\melanie\AppData\Local\.meteor\packages\meteor-tool\1.4.2_3\mt-os.windows.x86_32\dev_bundle\.npm\_git-remotes\git-https-github-com-braintree-wrap-promise-git-1-1-0-8d40e552 C:\Users\melanie\AppData\Local\Temp\npm-10564-e24b8531\git-cache-2aedb945\daa66452aa0d6fe9559be68e34e880ec52e8bf1f: Please make sure you have the correct access rights
395 error git clone C:\Users\melanie\AppData\Local\.meteor\packages\meteor-tool\1.4.2_3\mt-os.windows.x86_32\dev_bundle\.npm\_git-remotes\git-https-github-com-braintree-wrap-promise-git-1-1-0-8d40e552 C:\Users\melanie\AppData\Local\Temp\npm-10564-e24b8531\git-cache-2aedb945\daa66452aa0d6fe9559be68e34e880ec52e8bf1f: and the repository exists.
396 silly trySSH attempting to clone git@github.com:braintree/wrap-promise.git#1.1.0
397 silly tryClone cloning braintree/wrap-promise#1.1.0 via git@github.com:braintree/wrap-promise.git#1.1.0
398 verbose tryClone git-github-com-braintree-wrap-promise-git-1-1-0-53769af3 not in flight; caching
399 verbose correctMkdir C:\Users\melanie\AppData\Local\.meteor\packages\meteor-tool\1.4.2_3\mt-os.windows.x86_32\dev_bundle\.npm\_git-remotes correctMkdir not in flight; initializing
400 info git [ 'clone',
400 info git   '--template=C:\\Users\\melanie\\AppData\\Local\\.meteor\\packages\\meteor-tool\\1.4.2_3\\mt-os.windows.x86_32\\dev_bundle\\.npm\\_git-remotes\\_templates',
400 info git   '--mirror',
400 info git   'git@github.com:braintree/wrap-promise.git',
400 info git   'C:\\Users\\melanie\\AppData\\Local\\.meteor\\packages\\meteor-tool\\1.4.2_3\\mt-os.windows.x86_32\\dev_bundle\\.npm\\_git-remotes\\git-github-com-braintree-wrap-promise-git-1-1-0-53769af3' ]
401 error git clone --template=C:\Users\melanie\AppData\Local\.meteor\packages\meteor-tool\1.4.2_3\mt-os.windows.x86_32\dev_bundle\.npm\_git-remotes\_templates --mirror git@github.com:braintree/wrap-promise.git C:\Users\melanie\AppData\Local\.meteor\packages\meteor-tool\1.4.2_3\mt-os.windows.x86_32\dev_bundle\.npm\_git-remotes\git-github-com-braintree-wrap-promise-git-1-1-0-53769af3: Cloning into bare repository 'C:\Users\melanie\AppData\Local\.meteor\packages\meteor-tool\1.4.2_3\mt-os.windows.x86_32\dev_bundle\.npm\_git-remotes\git-github-com-braintree-wrap-promise-git-1-1-0-53769af3'...
401 error git clone --template=C:\Users\melanie\AppData\Local\.meteor\packages\meteor-tool\1.4.2_3\mt-os.windows.x86_32\dev_bundle\.npm\_git-remotes\_templates --mirror git@github.com:braintree/wrap-promise.git C:\Users\melanie\AppData\Local\.meteor\packages\meteor-tool\1.4.2_3\mt-os.windows.x86_32\dev_bundle\.npm\_git-remotes\git-github-com-braintree-wrap-promise-git-1-1-0-53769af3: Warning: Permanently added 'github.com,192.30.253.112' (RSA) to the list of known hosts.
401 error git clone --template=C:\Users\melanie\AppData\Local\.meteor\packages\meteor-tool\1.4.2_3\mt-os.windows.x86_32\dev_bundle\.npm\_git-remotes\_templates --mirror git@github.com:braintree/wrap-promise.git C:\Users\melanie\AppData\Local\.meteor\packages\meteor-tool\1.4.2_3\mt-os.windows.x86_32\dev_bundle\.npm\_git-remotes\git-github-com-braintree-wrap-promise-git-1-1-0-53769af3: Permission denied (publickey).
401 error git clone --template=C:\Users\melanie\AppData\Local\.meteor\packages\meteor-tool\1.4.2_3\mt-os.windows.x86_32\dev_bundle\.npm\_git-remotes\_templates --mirror git@github.com:braintree/wrap-promise.git C:\Users\melanie\AppData\Local\.meteor\packages\meteor-tool\1.4.2_3\mt-os.windows.x86_32\dev_bundle\.npm\_git-remotes\git-github-com-braintree-wrap-promise-git-1-1-0-53769af3: fatal: Could not read from remote repository.
401 error git clone --template=C:\Users\melanie\AppData\Local\.meteor\packages\meteor-tool\1.4.2_3\mt-os.windows.x86_32\dev_bundle\.npm\_git-remotes\_templates --mirror git@github.com:braintree/wrap-promise.git C:\Users\melanie\AppData\Local\.meteor\packages\meteor-tool\1.4.2_3\mt-os.windows.x86_32\dev_bundle\.npm\_git-remotes\git-github-com-braintree-wrap-promise-git-1-1-0-53769af3:
401 error git clone --template=C:\Users\melanie\AppData\Local\.meteor\packages\meteor-tool\1.4.2_3\mt-os.windows.x86_32\dev_bundle\.npm\_git-remotes\_templates --mirror git@github.com:braintree/wrap-promise.git C:\Users\melanie\AppData\Local\.meteor\packages\meteor-tool\1.4.2_3\mt-os.windows.x86_32\dev_bundle\.npm\_git-remotes\git-github-com-braintree-wrap-promise-git-1-1-0-53769af3: Please make sure you have the correct access rights
401 error git clone --template=C:\Users\melanie\AppData\Local\.meteor\packages\meteor-tool\1.4.2_3\mt-os.windows.x86_32\dev_bundle\.npm\_git-remotes\_templates --mirror git@github.com:braintree/wrap-promise.git C:\Users\melanie\AppData\Local\.meteor\packages\meteor-tool\1.4.2_3\mt-os.windows.x86_32\dev_bundle\.npm\_git-remotes\git-github-com-braintree-wrap-promise-git-1-1-0-53769af3: and the repository exists.
402 silly fetchPackageMetaData Error: Command failed: git -c core.longpaths=true clone --template=C:\Users\melanie\AppData\Local\.meteor\packages\meteor-tool\1.4.2_3\mt-os.windows.x86_32\dev_bundle\.npm\_git-remotes\_templates --mirror git@github.com:braintree/wrap-promise.git C:\Users\melanie\AppData\Local\.meteor\packages\meteor-tool\1.4.2_3\mt-os.windows.x86_32\dev_bundle\.npm\_git-remotes\git-github-com-braintree-wrap-promise-git-1-1-0-53769af3
402 silly fetchPackageMetaData Cloning into bare repository 'C:\Users\melanie\AppData\Local\.meteor\packages\meteor-tool\1.4.2_3\mt-os.windows.x86_32\dev_bundle\.npm\_git-remotes\git-github-com-braintree-wrap-promise-git-1-1-0-53769af3'...
402 silly fetchPackageMetaData Warning: Permanently added 'github.com,192.30.253.112' (RSA) to the list of known hosts.
402 silly fetchPackageMetaData Permission denied (publickey).
402 silly fetchPackageMetaData fatal: Could not read from remote repository.
402 silly fetchPackageMetaData
402 silly fetchPackageMetaData Please make sure you have the correct access rights
402 silly fetchPackageMetaData and the repository exists.
402 silly fetchPackageMetaData
402 silly fetchPackageMetaData     at ChildProcess.exithandler (child_process.js:213:12)
402 silly fetchPackageMetaData     at emitTwo (events.js:87:13)
402 silly fetchPackageMetaData     at ChildProcess.emit (events.js:172:7)
402 silly fetchPackageMetaData     at maybeClose (internal/child_process.js:854:16)
402 silly fetchPackageMetaData     at Process.ChildProcess._handle.onexit (internal/child_process.js:222:5)
402 silly fetchPackageMetaData  error for wrap-promise@github:braintree/wrap-promise#1.1.0 { [Error: Command failed: git -c core.longpaths=true clone --template=C:\Users\melanie\AppData\Local\.meteor\packages\meteor-tool\1.4.2_3\mt-os.windows.x86_32\dev_bundle\.npm\_git-remotes\_templates --mirror git@github.com:braintree/wrap-promise.git C:\Users\melanie\AppData\Local\.meteor\packages\meteor-tool\1.4.2_3\mt-os.windows.x86_32\dev_bundle\.npm\_git-remotes\git-github-com-braintree-wrap-promise-git-1-1-0-53769af3
402 silly fetchPackageMetaData Cloning into bare repository 'C:\Users\melanie\AppData\Local\.meteor\packages\meteor-tool\1.4.2_3\mt-os.windows.x86_32\dev_bundle\.npm\_git-remotes\git-github-com-braintree-wrap-promise-git-1-1-0-53769af3'...
402 silly fetchPackageMetaData Warning: Permanently added 'github.com,192.30.253.112' (RSA) to the list of known hosts.
402 silly fetchPackageMetaData Permission denied (publickey).
402 silly fetchPackageMetaData fatal: Could not read from remote repository.
402 silly fetchPackageMetaData
402 silly fetchPackageMetaData Please make sure you have the correct access rights
402 silly fetchPackageMetaData and the repository exists.
402 silly fetchPackageMetaData ]
402 silly fetchPackageMetaData   killed: false,
402 silly fetchPackageMetaData   code: 128,
402 silly fetchPackageMetaData   signal: null,
402 silly fetchPackageMetaData   cmd: 'git -c core.longpaths=true clone --template=C:\\Users\\melanie\\AppData\\Local\\.meteor\\packages\\meteor-tool\\1.4.2_3\\mt-os.windows.x86_32\\dev_bundle\\.npm\\_git-remotes\\_templates --mirror git@github.com:braintree/wrap-promise.git C:\\Users\\melanie\\AppData\\Local\\.meteor\\packages\\meteor-tool\\1.4.2_3\\mt-os.windows.x86_32\\dev_bundle\\.npm\\_git-remotes\\git-github-com-braintree-wrap-promise-git-1-1-0-53769af3' }
403 silly rollbackFailedOptional Starting
404 silly rollbackFailedOptional Finishing
405 silly runTopLevelLifecycles Finishing
406 silly install printInstalled
407 verbose stack Error: Command failed: git -c core.longpaths=true clone --template=C:\Users\melanie\AppData\Local\.meteor\packages\meteor-tool\1.4.2_3\mt-os.windows.x86_32\dev_bundle\.npm\_git-remotes\_templates --mirror git@github.com:braintree/wrap-promise.git C:\Users\melanie\AppData\Local\.meteor\packages\meteor-tool\1.4.2_3\mt-os.windows.x86_32\dev_bundle\.npm\_git-remotes\git-github-com-braintree-wrap-promise-git-1-1-0-53769af3
407 verbose stack Cloning into bare repository 'C:\Users\melanie\AppData\Local\.meteor\packages\meteor-tool\1.4.2_3\mt-os.windows.x86_32\dev_bundle\.npm\_git-remotes\git-github-com-braintree-wrap-promise-git-1-1-0-53769af3'...
407 verbose stack Warning: Permanently added 'github.com,192.30.253.112' (RSA) to the list of known hosts.
407 verbose stack Permission denied (publickey).
407 verbose stack fatal: Could not read from remote repository.
407 verbose stack
407 verbose stack Please make sure you have the correct access rights
407 verbose stack and the repository exists.
407 verbose stack
407 verbose stack     at ChildProcess.exithandler (child_process.js:213:12)
407 verbose stack     at emitTwo (events.js:87:13)
407 verbose stack     at ChildProcess.emit (events.js:172:7)
407 verbose stack     at maybeClose (internal/child_process.js:854:16)
407 verbose stack     at Process.ChildProcess._handle.onexit (internal/child_process.js:222:5)
408 verbose cwd C:\Users\melanie\Documents\dtyapp\dtyapp
409 error Windows_NT 10.0.15063
410 error argv "C:\\Users\\melanie\\AppData\\Local\\.meteor\\packages\\meteor-tool\\1.4.2_3\\mt-os.windows.x86_32\\dev_bundle\\bin\\node.exe" "C:\\Users\\melanie\\AppData\\Local\\.meteor\\packages\\meteor-tool\\1.4.2_3\\mt-os.windows.x86_32\\dev_bundle\\lib\\node_modules\\npm\\bin\\npm-cli.js" "install" "--save" "braintree"
411 error node v4.6.2
412 error npm  v3.10.9
413 error code 128
414 error Command failed: git -c core.longpaths=true clone --template=C:\Users\melanie\AppData\Local\.meteor\packages\meteor-tool\1.4.2_3\mt-os.windows.x86_32\dev_bundle\.npm\_git-remotes\_templates --mirror git@github.com:braintree/wrap-promise.git C:\Users\melanie\AppData\Local\.meteor\packages\meteor-tool\1.4.2_3\mt-os.windows.x86_32\dev_bundle\.npm\_git-remotes\git-github-com-braintree-wrap-promise-git-1-1-0-53769af3
414 error Cloning into bare repository 'C:\Users\melanie\AppData\Local\.meteor\packages\meteor-tool\1.4.2_3\mt-os.windows.x86_32\dev_bundle\.npm\_git-remotes\git-github-com-braintree-wrap-promise-git-1-1-0-53769af3'...
414 error Warning: Permanently added 'github.com,192.30.253.112' (RSA) to the list of known hosts.
414 error Permission denied (publickey).
414 error fatal: Could not read from remote repository.
414 error
414 error Please make sure you have the correct access rights
414 error and the repository exists.
415 error If you need help, you may report this error at:
415 error     <https://github.com/npm/npm/issues>
416 verbose exit [ 1, true ]
